CRITICAL - 2026-05-04 14:33:39 --> Error: Call to undefined function App\Libraries\curl_init()
[Method: GET, Route: /]
in APPPATH\Libraries\SupabaseClient.php on line 33.
 1 APPPATH\Libraries\SupabaseClient.php(88): App\Libraries\SupabaseClient->request('GET', 'kategori', [...], null, [])
 2 APPPATH\Libraries\SupabaseClient.php(161): App\Libraries\SupabaseClient->executeQuery('GET', 'kategori', [...])
 3 APPPATH\Models\KategoriModel.php(22): App\Libraries\SupabaseQuery->get()
 4 APPPATH\Controllers\WisataController.php(26): App\Models\KategoriModel->getAll()
 5 SYSTEMPATH\CodeIgniter.php(951): App\Controllers\WisataController->index()
 6 SYSTEMPATH\CodeIgniter.php(497): CodeIgniter\CodeIgniter->runController(Object(App\Controllers\WisataController))
 7 SYSTEMPATH\CodeIgniter.php(340): CodeIgniter\CodeIgniter->handleRequest(null, Object(Config\Cache), false)
 8 SYSTEMPATH\Boot.php(417): CodeIgniter\CodeIgniter->run()
 9 SYSTEMPATH\Boot.php(68): CodeIgniter\Boot::runCodeIgniter(Object(CodeIgniter\CodeIgniter))
10 FCPATH\index.php(59): CodeIgniter\Boot::bootWeb(Object(Config\Paths))
CRITICAL - 2026-05-04 14:34:26 --> Error: Call to undefined function App\Libraries\curl_init()
[Method: GET, Route: /]
in APPPATH\Libraries\SupabaseClient.php on line 33.
 1 APPPATH\Libraries\SupabaseClient.php(88): App\Libraries\SupabaseClient->request('GET', 'kategori', [...], null, [])
 2 APPPATH\Libraries\SupabaseClient.php(161): App\Libraries\SupabaseClient->executeQuery('GET', 'kategori', [...])
 3 APPPATH\Models\KategoriModel.php(22): App\Libraries\SupabaseQuery->get()
 4 APPPATH\Controllers\WisataController.php(26): App\Models\KategoriModel->getAll()
 5 SYSTEMPATH\CodeIgniter.php(951): App\Controllers\WisataController->index()
 6 SYSTEMPATH\CodeIgniter.php(497): CodeIgniter\CodeIgniter->runController(Object(App\Controllers\WisataController))
 7 SYSTEMPATH\CodeIgniter.php(340): CodeIgniter\CodeIgniter->handleRequest(null, Object(Config\Cache), false)
 8 SYSTEMPATH\Boot.php(417): CodeIgniter\CodeIgniter->run()
 9 SYSTEMPATH\Boot.php(68): CodeIgniter\Boot::runCodeIgniter(Object(CodeIgniter\CodeIgniter))
10 FCPATH\index.php(59): CodeIgniter\Boot::bootWeb(Object(Config\Paths))
CRITICAL - 2026-05-04 14:35:37 --> Error: Call to undefined function curl_init()
[Method: GET, Route: /]
in APPPATH\Libraries\SupabaseClient.php on line 33.
 1 APPPATH\Libraries\SupabaseClient.php(88): App\Libraries\SupabaseClient->request('GET', 'kategori', [...], null, [])
 2 APPPATH\Libraries\SupabaseClient.php(161): App\Libraries\SupabaseClient->executeQuery('GET', 'kategori', [...])
 3 APPPATH\Models\KategoriModel.php(22): App\Libraries\SupabaseQuery->get()
 4 APPPATH\Controllers\WisataController.php(26): App\Models\KategoriModel->getAll()
 5 SYSTEMPATH\CodeIgniter.php(951): App\Controllers\WisataController->index()
 6 SYSTEMPATH\CodeIgniter.php(497): CodeIgniter\CodeIgniter->runController(Object(App\Controllers\WisataController))
 7 SYSTEMPATH\CodeIgniter.php(340): CodeIgniter\CodeIgniter->handleRequest(null, Object(Config\Cache), false)
 8 SYSTEMPATH\Boot.php(417): CodeIgniter\CodeIgniter->run()
 9 SYSTEMPATH\Boot.php(68): CodeIgniter\Boot::runCodeIgniter(Object(CodeIgniter\CodeIgniter))
10 FCPATH\index.php(59): CodeIgniter\Boot::bootWeb(Object(Config\Paths))
CRITICAL - 2026-05-04 14:36:03 --> Error: Call to undefined function curl_init()
[Method: GET, Route: /]
in APPPATH\Libraries\SupabaseClient.php on line 33.
 1 APPPATH\Libraries\SupabaseClient.php(88): App\Libraries\SupabaseClient->request('GET', 'kategori', [...], null, [])
 2 APPPATH\Libraries\SupabaseClient.php(161): App\Libraries\SupabaseClient->executeQuery('GET', 'kategori', [...])
 3 APPPATH\Models\KategoriModel.php(22): App\Libraries\SupabaseQuery->get()
 4 APPPATH\Controllers\WisataController.php(26): App\Models\KategoriModel->getAll()
 5 SYSTEMPATH\CodeIgniter.php(951): App\Controllers\WisataController->index()
 6 SYSTEMPATH\CodeIgniter.php(497): CodeIgniter\CodeIgniter->runController(Object(App\Controllers\WisataController))
 7 SYSTEMPATH\CodeIgniter.php(340): CodeIgniter\CodeIgniter->handleRequest(null, Object(Config\Cache), false)
 8 SYSTEMPATH\Boot.php(417): CodeIgniter\CodeIgniter->run()
 9 SYSTEMPATH\Boot.php(68): CodeIgniter\Boot::runCodeIgniter(Object(CodeIgniter\CodeIgniter))
10 FCPATH\index.php(59): CodeIgniter\Boot::bootWeb(Object(Config\Paths))
CRITICAL - 2026-05-04 14:36:32 --> Error: Call to undefined function curl_init()
[Method: GET, Route: /]
in APPPATH\Libraries\SupabaseClient.php on line 33.
 1 APPPATH\Libraries\SupabaseClient.php(88): App\Libraries\SupabaseClient->request('GET', 'kategori', [...], null, [])
 2 APPPATH\Libraries\SupabaseClient.php(161): App\Libraries\SupabaseClient->executeQuery('GET', 'kategori', [...])
 3 APPPATH\Models\KategoriModel.php(22): App\Libraries\SupabaseQuery->get()
 4 APPPATH\Controllers\WisataController.php(26): App\Models\KategoriModel->getAll()
 5 SYSTEMPATH\CodeIgniter.php(951): App\Controllers\WisataController->index()
 6 SYSTEMPATH\CodeIgniter.php(497): CodeIgniter\CodeIgniter->runController(Object(App\Controllers\WisataController))
 7 SYSTEMPATH\CodeIgniter.php(340): CodeIgniter\CodeIgniter->handleRequest(null, Object(Config\Cache), false)
 8 SYSTEMPATH\Boot.php(417): CodeIgniter\CodeIgniter->run()
 9 SYSTEMPATH\Boot.php(68): CodeIgniter\Boot::runCodeIgniter(Object(CodeIgniter\CodeIgniter))
10 FCPATH\index.php(59): CodeIgniter\Boot::bootWeb(Object(Config\Paths))
CRITICAL - 2026-05-04 14:41:39 --> Error: Call to undefined function curl_init()
[Method: GET, Route: /]
in APPPATH\Libraries\SupabaseClient.php on line 33.
 1 APPPATH\Libraries\SupabaseClient.php(88): App\Libraries\SupabaseClient->request('GET', 'kategori', [...], null, [])
 2 APPPATH\Libraries\SupabaseClient.php(161): App\Libraries\SupabaseClient->executeQuery('GET', 'kategori', [...])
 3 APPPATH\Models\KategoriModel.php(22): App\Libraries\SupabaseQuery->get()
 4 APPPATH\Controllers\WisataController.php(26): App\Models\KategoriModel->getAll()
 5 SYSTEMPATH\CodeIgniter.php(951): App\Controllers\WisataController->index()
 6 SYSTEMPATH\CodeIgniter.php(497): CodeIgniter\CodeIgniter->runController(Object(App\Controllers\WisataController))
 7 SYSTEMPATH\CodeIgniter.php(340): CodeIgniter\CodeIgniter->handleRequest(null, Object(Config\Cache), false)
 8 SYSTEMPATH\Boot.php(417): CodeIgniter\CodeIgniter->run()
 9 SYSTEMPATH\Boot.php(68): CodeIgniter\Boot::runCodeIgniter(Object(CodeIgniter\CodeIgniter))
10 FCPATH\index.php(59): CodeIgniter\Boot::bootWeb(Object(Config\Paths))
CRITICAL - 2026-05-04 14:42:00 --> Error: Call to undefined function curl_init()
[Method: GET, Route: /]
in APPPATH\Libraries\SupabaseClient.php on line 33.
 1 APPPATH\Libraries\SupabaseClient.php(88): App\Libraries\SupabaseClient->request('GET', 'kategori', [...], null, [])
 2 APPPATH\Libraries\SupabaseClient.php(161): App\Libraries\SupabaseClient->executeQuery('GET', 'kategori', [...])
 3 APPPATH\Models\KategoriModel.php(22): App\Libraries\SupabaseQuery->get()
 4 APPPATH\Controllers\WisataController.php(26): App\Models\KategoriModel->getAll()
 5 SYSTEMPATH\CodeIgniter.php(951): App\Controllers\WisataController->index()
 6 SYSTEMPATH\CodeIgniter.php(497): CodeIgniter\CodeIgniter->runController(Object(App\Controllers\WisataController))
 7 SYSTEMPATH\CodeIgniter.php(340): CodeIgniter\CodeIgniter->handleRequest(null, Object(Config\Cache), false)
 8 SYSTEMPATH\Boot.php(417): CodeIgniter\CodeIgniter->run()
 9 SYSTEMPATH\Boot.php(68): CodeIgniter\Boot::runCodeIgniter(Object(CodeIgniter\CodeIgniter))
10 FCPATH\index.php(59): CodeIgniter\Boot::bootWeb(Object(Config\Paths))
CRITICAL - 2026-05-04 14:43:07 --> Error: Call to undefined function curl_init()
[Method: GET, Route: /]
in APPPATH\Libraries\SupabaseClient.php on line 33.
 1 APPPATH\Libraries\SupabaseClient.php(88): App\Libraries\SupabaseClient->request('GET', 'kategori', [...], null, [])
 2 APPPATH\Libraries\SupabaseClient.php(161): App\Libraries\SupabaseClient->executeQuery('GET', 'kategori', [...])
 3 APPPATH\Models\KategoriModel.php(22): App\Libraries\SupabaseQuery->get()
 4 APPPATH\Controllers\WisataController.php(26): App\Models\KategoriModel->getAll()
 5 SYSTEMPATH\CodeIgniter.php(951): App\Controllers\WisataController->index()
 6 SYSTEMPATH\CodeIgniter.php(497): CodeIgniter\CodeIgniter->runController(Object(App\Controllers\WisataController))
 7 SYSTEMPATH\CodeIgniter.php(340): CodeIgniter\CodeIgniter->handleRequest(null, Object(Config\Cache), false)
 8 SYSTEMPATH\Boot.php(417): CodeIgniter\CodeIgniter->run()
 9 SYSTEMPATH\Boot.php(68): CodeIgniter\Boot::runCodeIgniter(Object(CodeIgniter\CodeIgniter))
10 FCPATH\index.php(59): CodeIgniter\Boot::bootWeb(Object(Config\Paths))
ERROR - 2026-05-04 14:44:50 --> Supabase stream error for: https://ytmblikoqxfffbmgoxcp.supabase.co/rest/v1/kategori?select=%2A&order=nama.asc
ERROR - 2026-05-04 14:44:50 --> Supabase stream error for: https://ytmblikoqxfffbmgoxcp.supabase.co/rest/v1/wisata?select=%2A%2Ckategori%28id%2Cnama%2Cslug%29&order=created_at.desc
ERROR - 2026-05-04 14:45:13 --> Supabase stream error for: https://ytmblikoqxfffbmgoxcp.supabase.co/rest/v1/kategori?select=%2A&order=nama.asc
ERROR - 2026-05-04 14:45:13 --> Supabase stream error for: https://ytmblikoqxfffbmgoxcp.supabase.co/rest/v1/wisata?select=%2A%2Ckategori%28id%2Cnama%2Cslug%29&order=created_at.desc
ERROR - 2026-05-04 14:47:32 --> Supabase stream error for: https://ytmblikoqxfffbmgoxcp.supabase.co/rest/v1/kategori?select=%2A&order=nama.asc
ERROR - 2026-05-04 14:47:32 --> Supabase stream error for: https://ytmblikoqxfffbmgoxcp.supabase.co/rest/v1/wisata?select=%2A%2Ckategori%28id%2Cnama%2Cslug%29&order=created_at.desc
ERROR - 2026-05-04 14:47:42 --> Supabase stream error for: https://ytmblikoqxfffbmgoxcp.supabase.co/rest/v1/wisata?select=%2A%2Ckategori%28id%2Cnama%2Cslug%29&order=created_at.desc
ERROR - 2026-05-04 14:48:23 --> Supabase stream error for: https://ytmblikoqxfffbmgoxcp.supabase.co/rest/v1/kategori?select=%2A&order=nama.asc
ERROR - 2026-05-04 14:48:23 --> Supabase stream error for: https://ytmblikoqxfffbmgoxcp.supabase.co/rest/v1/wisata?select=%2A%2Ckategori%28id%2Cnama%2Cslug%29&order=created_at.desc
ERROR - 2026-05-04 14:48:31 --> Supabase stream error for: https://ytmblikoqxfffbmgoxcp.supabase.co/rest/v1/wisata?select=%2A%2Ckategori%28id%2Cnama%2Cslug%29&order=created_at.desc
ERROR - 2026-05-04 14:49:28 --> Supabase stream error for: https://ytmblikoqxfffbmgoxcp.supabase.co/rest/v1/kategori?select=%2A&order=nama.asc
ERROR - 2026-05-04 14:49:28 --> Supabase stream error for: https://ytmblikoqxfffbmgoxcp.supabase.co/rest/v1/wisata?select=%2A%2Ckategori%28id%2Cnama%2Cslug%29&order=created_at.desc
ERROR - 2026-05-04 14:49:31 --> Supabase stream error for: https://ytmblikoqxfffbmgoxcp.supabase.co/rest/v1/wisata?select=%2A%2Ckategori%28id%2Cnama%2Cslug%29&order=created_at.desc
ERROR - 2026-05-04 14:55:07 --> Supabase stream error for: https://ytmblikoqxfffbmgoxcp.supabase.co/rest/v1/kategori?select=%2A&order=nama.asc
ERROR - 2026-05-04 14:55:07 --> Supabase stream error for: https://ytmblikoqxfffbmgoxcp.supabase.co/rest/v1/wisata?select=%2A%2Ckategori%28id%2Cnama%2Cslug%29&order=created_at.desc
ERROR - 2026-05-04 14:55:10 --> Supabase stream error for: https://ytmblikoqxfffbmgoxcp.supabase.co/rest/v1/wisata?select=%2A%2Ckategori%28id%2Cnama%2Cslug%29&order=created_at.desc
ERROR - 2026-05-04 14:55:29 --> Supabase stream error for: https://ytmblikoqxfffbmgoxcp.supabase.co/rest/v1/kategori?select=%2A&order=nama.asc
ERROR - 2026-05-04 14:55:29 --> Supabase stream error for: https://ytmblikoqxfffbmgoxcp.supabase.co/rest/v1/wisata?select=%2A%2Ckategori%28id%2Cnama%2Cslug%29&order=created_at.desc
ERROR - 2026-05-04 14:55:29 --> Supabase stream error for: https://ytmblikoqxfffbmgoxcp.supabase.co/rest/v1/wisata?select=%2A%2Ckategori%28id%2Cnama%2Cslug%29&order=created_at.desc
ERROR - 2026-05-04 14:55:33 --> Supabase stream error for: https://ytmblikoqxfffbmgoxcp.supabase.co/rest/v1/kategori?select=%2A&order=nama.asc
ERROR - 2026-05-04 14:55:33 --> Supabase stream error for: https://ytmblikoqxfffbmgoxcp.supabase.co/rest/v1/wisata?select=%2A%2Ckategori%28id%2Cnama%2Cslug%29&order=created_at.desc
ERROR - 2026-05-04 14:55:34 --> Supabase stream error for: https://ytmblikoqxfffbmgoxcp.supabase.co/rest/v1/wisata?select=%2A%2Ckategori%28id%2Cnama%2Cslug%29&order=created_at.desc
DEBUG - 2026-05-04 14:58:07 --> Supabase stream failed for: https://ytmblikoqxfffbmgoxcp.supabase.co/rest/v1/kategori?select=%2A&order=nama.asc
DEBUG - 2026-05-04 14:58:08 --> Supabase stream failed for: https://ytmblikoqxfffbmgoxcp.supabase.co/rest/v1/wisata?select=%2A%2Ckategori%28id%2Cnama%2Cslug%29&order=created_at.desc
DEBUG - 2026-05-04 14:58:12 --> Supabase stream failed for: https://ytmblikoqxfffbmgoxcp.supabase.co/rest/v1/wisata?select=%2A%2Ckategori%28id%2Cnama%2Cslug%29&order=created_at.desc
DEBUG - 2026-05-04 14:59:16 --> Supabase stream failed for: https://ytmblikoqxfffbmgoxcp.supabase.co/rest/v1/kategori?select=%2A&order=nama.asc
DEBUG - 2026-05-04 14:59:17 --> Supabase stream failed for: https://ytmblikoqxfffbmgoxcp.supabase.co/rest/v1/wisata?select=%2A%2Ckategori%28id%2Cnama%2Cslug%29&order=created_at.desc
DEBUG - 2026-05-04 14:59:21 --> Supabase stream failed for: https://ytmblikoqxfffbmgoxcp.supabase.co/rest/v1/wisata?select=%2A%2Ckategori%28id%2Cnama%2Cslug%29&order=created_at.desc
DEBUG - 2026-05-04 15:00:25 --> Supabase stream failed for: https://ytmblikoqxfffbmgoxcp.supabase.co/rest/v1/kategori?select=%2A&order=nama.asc
DEBUG - 2026-05-04 15:00:26 --> Supabase stream failed for: https://ytmblikoqxfffbmgoxcp.supabase.co/rest/v1/wisata?select=%2A%2Ckategori%28id%2Cnama%2Cslug%29&order=created_at.desc
DEBUG - 2026-05-04 15:00:30 --> Supabase stream failed for: https://ytmblikoqxfffbmgoxcp.supabase.co/rest/v1/wisata?select=%2A%2Ckategori%28id%2Cnama%2Cslug%29&order=created_at.desc
DEBUG - 2026-05-04 15:00:39 --> Supabase stream failed for: https://ytmblikoqxfffbmgoxcp.supabase.co/rest/v1/kategori?select=%2A&slug=eq.gunung&limit=1
DEBUG - 2026-05-04 15:00:39 --> Supabase stream failed for: https://ytmblikoqxfffbmgoxcp.supabase.co/rest/v1/wisata?select=%2A%2Ckategori%28id%2Cnama%2Cslug%29&kategori_id=eq.2&order=nama.asc
DEBUG - 2026-05-04 15:01:14 --> Supabase stream failed for: https://ytmblikoqxfffbmgoxcp.supabase.co/rest/v1/kategori?select=%2A&slug=eq.air-terjun&limit=1
DEBUG - 2026-05-04 15:01:14 --> Supabase stream failed for: https://ytmblikoqxfffbmgoxcp.supabase.co/rest/v1/wisata?select=%2A%2Ckategori%28id%2Cnama%2Cslug%29&kategori_id=eq.4&order=nama.asc
DEBUG - 2026-05-04 15:01:30 --> Supabase stream failed for: https://ytmblikoqxfffbmgoxcp.supabase.co/rest/v1/wisata?select=%2A%2Ckategori%28id%2Cnama%2Cslug%29&id=eq.5&limit=1
DEBUG - 2026-05-04 15:01:31 --> Supabase stream failed for: https://ytmblikoqxfffbmgoxcp.supabase.co/rest/v1/galeri?select=%2A&wisata_id=eq.5
DEBUG - 2026-05-04 15:02:04 --> Supabase stream failed for: https://ytmblikoqxfffbmgoxcp.supabase.co/rest/v1/kategori?select=%2A&order=nama.asc
DEBUG - 2026-05-04 15:02:05 --> Supabase stream failed for: https://ytmblikoqxfffbmgoxcp.supabase.co/rest/v1/wisata?select=%2A%2Ckategori%28id%2Cnama%2Cslug%29&order=created_at.desc
DEBUG - 2026-05-04 15:02:09 --> Supabase stream failed for: https://ytmblikoqxfffbmgoxcp.supabase.co/rest/v1/wisata?select=%2A%2Ckategori%28id%2Cnama%2Cslug%29&order=created_at.desc
